14:12:59:080  INFO 64760 --- [main] com.hmall.pay.PayApplication             : Starting PayApplication using Java 11.0.27 on zhaoxinhang with PID 64760 (D:\springcloud_study\hmall\pay-service\target\classes started by 32859 in D:\springcloud_study\hmall)
14:12:59:083 DEBUG 64760 --- [main] com.hmall.pay.PayApplication             : Running with Spring Boot v2.7.12, Spring v5.3.27
14:12:59:083  INFO 64760 --- [main] com.hmall.pay.PayApplication             : The following 1 profile is active: "local"
14:12:59:628  INFO 64760 --- [main] o.s.cloud.context.scope.GenericScope     : BeanFactory id=621ffe11-ed66-32a0-94fa-f94d4d202067
14:12:59:822  INFO 64760 --- [main] o.s.b.w.embedded.tomcat.TomcatWebServer  : Tomcat initialized with port(s): 8086 (http)
14:12:59:827  INFO 64760 --- [main] o.apache.catalina.core.StandardService   : Starting service [Tomcat]
14:12:59:827  INFO 64760 --- [main] org.apache.catalina.core.StandardEngine  : Starting Servlet engine: [Apache Tomcat/9.0.75]
14:12:59:936  INFO 64760 --- [main] o.a.c.c.C.[Tomcat].[localhost].[/]       : Initializing Spring embedded WebApplicationContext
14:12:59:936  INFO 64760 --- [main] w.s.c.ServletWebServerApplicationContext : Root WebApplicationContext: initialization completed in 828 ms
14:13:00:054  INFO 64760 --- [main] o.s.c.openfeign.FeignClientFactoryBean   : For 'user-service' URL not provided. Will try picking an instance via load-balancing.
14:13:00:087  INFO 64760 --- [main] o.s.c.openfeign.FeignClientFactoryBean   : For 'trade-service' URL not provided. Will try picking an instance via load-balancing.
14:13:02:444  INFO 64760 --- [main] pertySourcedRequestMappingHandlerMapping : Mapped URL path [/v2/api-docs] onto method [springfox.documentation.swagger2.web.Swagger2ControllerWebMvc#getDocumentation(String, HttpServletRequest)]
14:13:03:082  INFO 64760 --- [main] com.alibaba.nacos.common.remote.client   : [RpcClientFactory] create a new rpc client of 6981d086-cedd-41c2-a7c5-137e2abee4ed
14:13:03:109  INFO 64760 --- [main] org.reflections.Reflections              : Reflections took 13 ms to scan 1 urls, producing 3 keys and 6 values 
14:13:03:125  INFO 64760 --- [main] org.reflections.Reflections              : Reflections took 6 ms to scan 1 urls, producing 4 keys and 9 values 
14:13:03:131  INFO 64760 --- [main] org.reflections.Reflections              : Reflections took 4 ms to scan 1 urls, producing 3 keys and 10 values 
14:13:03:133  WARN 64760 --- [main] org.reflections.Reflections              : given scan urls are empty. set urls in the configuration
14:13:03:137  INFO 64760 --- [main] org.reflections.Reflections              : Reflections took 4 ms to scan 1 urls, producing 1 keys and 5 values 
14:13:03:143  INFO 64760 --- [main] org.reflections.Reflections              : Reflections took 4 ms to scan 1 urls, producing 1 keys and 7 values 
14:13:03:155  INFO 64760 --- [main] org.reflections.Reflections              : Reflections took 10 ms to scan 1 urls, producing 2 keys and 8 values 
14:13:03:156  WARN 64760 --- [main] org.reflections.Reflections              : given scan urls are empty. set urls in the configuration
14:13:03:157  INFO 64760 --- [main] com.alibaba.nacos.common.remote.client   : [6981d086-cedd-41c2-a7c5-137e2abee4ed] RpcClient init label, labels = {module=naming, source=sdk}
14:13:03:159  INFO 64760 --- [main] com.alibaba.nacos.common.remote.client   : [6981d086-cedd-41c2-a7c5-137e2abee4ed] RpcClient init, ServerListFactory = com.alibaba.nacos.client.naming.core.ServerListManager
14:13:03:159  INFO 64760 --- [main] com.alibaba.nacos.common.remote.client   : [6981d086-cedd-41c2-a7c5-137e2abee4ed] Registry connection listener to current client:com.alibaba.nacos.client.naming.remote.gprc.redo.NamingGrpcRedoService
14:13:03:159  INFO 64760 --- [main] com.alibaba.nacos.common.remote.client   : [6981d086-cedd-41c2-a7c5-137e2abee4ed] Register server push request handler:com.alibaba.nacos.client.naming.remote.gprc.NamingPushRequestHandler
14:13:03:160  INFO 64760 --- [main] com.alibaba.nacos.common.remote.client   : [6981d086-cedd-41c2-a7c5-137e2abee4ed] Try to connect to server on start up, server: {serverIp = '192.168.88.129', server main port = 8848}
14:13:05:165  INFO 64760 --- [main] com.alibaba.nacos.common.remote.client   : [6981d086-cedd-41c2-a7c5-137e2abee4ed] Success to connect to server [192.168.88.129:8848] on start up, connectionId = 1776751985511_192.168.88.1_51103
14:13:05:165  INFO 64760 --- [com.alibaba.nacos.client.remote.worker] com.alibaba.nacos.common.remote.client   : [6981d086-cedd-41c2-a7c5-137e2abee4ed] Notify connected event to listeners.
14:13:05:166  INFO 64760 --- [main] com.alibaba.nacos.common.remote.client   : [6981d086-cedd-41c2-a7c5-137e2abee4ed] Register server push request handler:com.alibaba.nacos.common.remote.client.RpcClient$ConnectResetRequestHandler
14:13:05:167  INFO 64760 --- [main] com.alibaba.nacos.common.remote.client   : [6981d086-cedd-41c2-a7c5-137e2abee4ed] Register server push request handler:com.alibaba.nacos.common.remote.client.RpcClient$$Lambda$977/0x0000000800737c40
14:13:05:205  INFO 64760 --- [main] o.s.b.w.embedded.tomcat.TomcatWebServer  : Tomcat started on port(s): 8086 (http) with context path ''
14:13:05:216  INFO 64760 --- [main] c.a.c.n.registry.NacosServiceRegistry    : nacos registry, DEFAULT_GROUP pay-service 192.168.56.1:8086 register finished
14:13:05:780  INFO 64760 --- [nacos-grpc-client-executor-9] com.alibaba.nacos.common.remote.client   : [6981d086-cedd-41c2-a7c5-137e2abee4ed] Receive server push request, request = NotifySubscriberRequest, requestId = 5
14:13:05:782  INFO 64760 --- [nacos-grpc-client-executor-9] com.alibaba.nacos.common.remote.client   : [6981d086-cedd-41c2-a7c5-137e2abee4ed] Ack server push request, request = NotifySubscriberRequest, requestId = 5
14:13:05:816  INFO 64760 --- [main] d.s.w.p.DocumentationPluginsBootstrapper : Documentation plugins bootstrapped
14:13:05:818  INFO 64760 --- [main] d.s.w.p.DocumentationPluginsBootstrapper : Found 1 custom documentation plugin(s)
14:13:05:829  INFO 64760 --- [main] s.d.s.w.s.ApiListingReferenceScanner     : Scanning for api listing references
14:13:05:876  INFO 64760 --- [main] com.hmall.pay.PayApplication             : Started PayApplication in 7.676 seconds (JVM running for 8.48)
14:54:35:155  WARN 64760 --- [Thread-4] c.a.nacos.common.notify.NotifyCenter     : [NotifyCenter] Start destroying Publisher
14:54:35:155  WARN 64760 --- [Thread-7] c.a.n.common.http.HttpClientBeanHolder   : [HttpClientBeanHolder] Start destroying common HttpClient
14:54:35:157  WARN 64760 --- [Thread-4] c.a.nacos.common.notify.NotifyCenter     : [NotifyCenter] Destruction of the end
14:54:35:158  WARN 64760 --- [Thread-7] c.a.n.common.http.HttpClientBeanHolder   : [HttpClientBeanHolder] Destruction of the end
14:54:35:517  INFO 64760 --- [SpringApplicationShutdownHook] c.a.c.n.registry.NacosServiceRegistry    : De-registering from Nacos Server now...
14:54:35:520  INFO 64760 --- [SpringApplicationShutdownHook] c.a.c.n.registry.NacosServiceRegistry    : De-registration finished.
14:54:35:828  INFO 64760 --- [SpringApplicationShutdownHook] com.alibaba.nacos.common.remote.client   : Shutdown rpc client, set status to shutdown
14:54:35:828  INFO 64760 --- [SpringApplicationShutdownHook] com.alibaba.nacos.common.remote.client   : Shutdown client event executor java.util.concurrent.ScheduledThreadPoolExecutor@4035b94c[Running, pool size = 2, active threads = 2, queued tasks = 0, completed tasks = 0]
14:54:35:829  INFO 64760 --- [SpringApplicationShutdownHook] com.alibaba.nacos.common.remote.client   : Close current connection 1776751985511_192.168.88.1_51103
14:54:35:832  INFO 64760 --- [nacos-grpc-client-executor-529] c.a.n.c.remote.client.grpc.GrpcClient    : [1776751985511_192.168.88.1_51103]Ignore complete event,isRunning:false,isAbandon=false
14:54:35:837  INFO 64760 --- [SpringApplicationShutdownHook] c.a.n.c.remote.client.grpc.GrpcClient    : Shutdown grpc executor java.util.concurrent.ThreadPoolExecutor@74bc4277[Running, pool size = 5, active threads = 0, queued tasks = 0, completed tasks = 530]
