14:11:09:191  INFO 61832 --- [main] com.hmall.cart.CartApplication           : The following 1 profile is active: "local"
14:11:09:770  INFO 61832 --- [main] o.s.cloud.context.scope.GenericScope     : BeanFactory id=3d327d1b-e455-3b92-b27a-e96d31a5f3f6
14:11:09:995  INFO 61832 --- [main] o.s.b.w.embedded.tomcat.TomcatWebServer  : Tomcat initialized with port(s): 8082 (http)
14:11:10:003  INFO 61832 --- [main] o.apache.catalina.core.StandardService   : Starting service [Tomcat]
14:11:10:003  INFO 61832 --- [main] org.apache.catalina.core.StandardEngine  : Starting Servlet engine: [Apache Tomcat/9.0.75]
14:11:10:123  INFO 61832 --- [main] o.a.c.c.C.[Tomcat].[localhost].[/]       : Initializing Spring embedded WebApplicationContext
14:11:10:123  INFO 61832 --- [main] w.s.c.ServletWebServerApplicationContext : Root WebApplicationContext: initialization completed in 918 ms
14:11:10:248  INFO 61832 --- [main] o.s.c.openfeign.FeignClientFactoryBean   : For 'item-service' URL not provided. Will try picking an instance via load-balancing.
14:11:12:405  INFO 61832 --- [main] pertySourcedRequestMappingHandlerMapping : Mapped URL path [/v2/api-docs] onto method [springfox.documentation.swagger2.web.Swagger2ControllerWebMvc#getDocumentation(String, HttpServletRequest)]
14:11:13:003  INFO 61832 --- [main] com.alibaba.nacos.common.remote.client   : [RpcClientFactory] create a new rpc client of 2bdf88e6-4e4a-4926-90f7-8675fd227faa
14:11:13:004  INFO 61832 --- [main] com.alibaba.nacos.common.remote.client   : [2bdf88e6-4e4a-4926-90f7-8675fd227faa] RpcClient init label, labels = {module=naming, source=sdk}
14:11:13:005  INFO 61832 --- [main] com.alibaba.nacos.common.remote.client   : [2bdf88e6-4e4a-4926-90f7-8675fd227faa] RpcClient init, ServerListFactory = com.alibaba.nacos.client.naming.core.ServerListManager
14:11:13:005  INFO 61832 --- [main] com.alibaba.nacos.common.remote.client   : [2bdf88e6-4e4a-4926-90f7-8675fd227faa] Registry connection listener to current client:com.alibaba.nacos.client.naming.remote.gprc.redo.NamingGrpcRedoService
14:11:13:005  INFO 61832 --- [main] com.alibaba.nacos.common.remote.client   : [2bdf88e6-4e4a-4926-90f7-8675fd227faa] Register server push request handler:com.alibaba.nacos.client.naming.remote.gprc.NamingPushRequestHandler
14:11:13:005  INFO 61832 --- [main] com.alibaba.nacos.common.remote.client   : [2bdf88e6-4e4a-4926-90f7-8675fd227faa] Try to connect to server on start up, server: {serverIp = '192.168.88.129', server main port = 8848}
14:11:13:141  INFO 61832 --- [main] com.alibaba.nacos.common.remote.client   : [2bdf88e6-4e4a-4926-90f7-8675fd227faa] Success to connect to server [192.168.88.129:8848] on start up, connectionId = 1776751873544_192.168.88.1_64248
14:11:13:141  INFO 61832 --- [main] com.alibaba.nacos.common.remote.client   : [2bdf88e6-4e4a-4926-90f7-8675fd227faa] Register server push request handler:com.alibaba.nacos.common.remote.client.RpcClient$ConnectResetRequestHandler
14:11:13:141  INFO 61832 --- [main] com.alibaba.nacos.common.remote.client   : [2bdf88e6-4e4a-4926-90f7-8675fd227faa] Register server push request handler:com.alibaba.nacos.common.remote.client.RpcClient$$Lambda$472/0x000000080041b440
14:11:13:141  INFO 61832 --- [com.alibaba.nacos.client.remote.worker] com.alibaba.nacos.common.remote.client   : [2bdf88e6-4e4a-4926-90f7-8675fd227faa] Notify connected event to listeners.
14:11:13:204  INFO 61832 --- [main] o.s.b.w.embedded.tomcat.TomcatWebServer  : Tomcat started on port(s): 8082 (http) with context path ''
14:11:13:238  INFO 61832 --- [main] c.a.c.n.registry.NacosServiceRegistry    : nacos registry, DEFAULT_GROUP cart-service 192.168.56.1:8082 register finished
14:11:13:709  INFO 61832 --- [main] d.s.w.p.DocumentationPluginsBootstrapper : Documentation plugins bootstrapped
14:11:13:712  INFO 61832 --- [main] d.s.w.p.DocumentationPluginsBootstrapper : Found 1 custom documentation plugin(s)
14:11:13:721  INFO 61832 --- [nacos-grpc-client-executor-9] com.alibaba.nacos.common.remote.client   : [2bdf88e6-4e4a-4926-90f7-8675fd227faa] Receive server push request, request = NotifySubscriberRequest, requestId = 1
14:11:13:724  INFO 61832 --- [nacos-grpc-client-executor-9] com.alibaba.nacos.common.remote.client   : [2bdf88e6-4e4a-4926-90f7-8675fd227faa] Ack server push request, request = NotifySubscriberRequest, requestId = 1
14:11:13:728  INFO 61832 --- [main] s.d.s.w.s.ApiListingReferenceScanner     : Scanning for api listing references
14:11:13:783  INFO 61832 --- [main] com.hmall.cart.CartApplication           : Started CartApplication in 8.206 seconds (JVM running for 9.099)
14:11:13:786  INFO 61832 --- [main] c.a.c.n.refresh.NacosContextRefresher    : [Nacos Config] Listening config: dataId=cart-service, group=DEFAULT_GROUP
14:11:13:787  INFO 61832 --- [main] c.a.c.n.refresh.NacosContextRefresher    : [Nacos Config] Listening config: dataId=cart-service.yaml, group=DEFAULT_GROUP
14:11:13:788  INFO 61832 --- [main] c.a.c.n.refresh.NacosContextRefresher    : [Nacos Config] Listening config: dataId=cart-service-local.yaml, group=DEFAULT_GROUP
