10:27:03:851  INFO 18676 --- [main] com.hmall.item.ItemApplication           : Starting ItemApplication using Java 11.0.27 on zhaoxinhang with PID 18676 (D:\springcloud_study\hmall\item-service\target\classes started by 32859 in D:\springcloud_study\hmall)
10:27:03:855 DEBUG 18676 --- [main] com.hmall.item.ItemApplication           : Running with Spring Boot v2.7.12, Spring v5.3.27
10:27:03:856  INFO 18676 --- [main] com.hmall.item.ItemApplication           : The following 1 profile is active: "local"
10:27:04:495  INFO 18676 --- [main] o.s.b.w.embedded.tomcat.TomcatWebServer  : Tomcat initialized with port(s): 8081 (http)
10:27:04:500  INFO 18676 --- [main] o.apache.catalina.core.StandardService   : Starting service [Tomcat]
10:27:04:500  INFO 18676 --- [main] org.apache.catalina.core.StandardEngine  : Starting Servlet engine: [Apache Tomcat/9.0.75]
10:27:04:582  INFO 18676 --- [main] o.a.c.c.C.[Tomcat].[localhost].[/]       : Initializing Spring embedded WebApplicationContext
10:27:04:582  INFO 18676 --- [main] w.s.c.ServletWebServerApplicationContext : Root WebApplicationContext: initialization completed in 702 ms
10:27:05:441  INFO 18676 --- [main] pertySourcedRequestMappingHandlerMapping : Mapped URL path [/v2/api-docs] onto method [springfox.documentation.swagger2.web.Swagger2ControllerWebMvc#getDocumentation(String, HttpServletRequest)]
10:27:05:483  INFO 18676 --- [main] o.s.b.w.embedded.tomcat.TomcatWebServer  : Tomcat started on port(s): 8081 (http) with context path ''
10:27:05:484  INFO 18676 --- [main] d.s.w.p.DocumentationPluginsBootstrapper : Documentation plugins bootstrapped
10:27:05:485  INFO 18676 --- [main] d.s.w.p.DocumentationPluginsBootstrapper : Found 1 custom documentation plugin(s)
10:27:05:498  INFO 18676 --- [main] s.d.s.w.s.ApiListingReferenceScanner     : Scanning for api listing references
10:27:05:569  INFO 18676 --- [main] com.hmall.item.ItemApplication           : Started ItemApplication in 1.937 seconds (JVM running for 2.578)
10:27:09:072  INFO 18676 --- [http-nio-8081-exec-1] o.a.c.c.C.[Tomcat].[localhost].[/]       : Initializing Spring DispatcherServlet 'dispatcherServlet'
10:27:09:073  INFO 18676 --- [http-nio-8081-exec-1] o.s.web.servlet.DispatcherServlet        : Initializing Servlet 'dispatcherServlet'
10:27:09:073  INFO 18676 --- [http-nio-8081-exec-1] o.s.web.servlet.DispatcherServlet        : Completed initialization in 0 ms
10:27:09:108  INFO 18676 --- [http-nio-8081-exec-1] com.zaxxer.hikari.HikariDataSource       : HikariPool-1 - Starting...
10:27:09:245  INFO 18676 --- [http-nio-8081-exec-1] com.zaxxer.hikari.HikariDataSource       : HikariPool-1 - Start completed.
10:27:09:250 DEBUG 18676 --- [http-nio-8081-exec-1] c.h.i.mapper.ItemMapper.selectBatchIds   : ==>  Preparing: SELECT id,name,price,stock,image,category,brand,spec,sold,comment_count,isAD,status,create_time,update_time,creater,updater FROM item WHERE id IN ( ? )
10:27:09:261 DEBUG 18676 --- [http-nio-8081-exec-1] c.h.i.mapper.ItemMapper.selectBatchIds   : ==> Parameters: 100000006163(Long)
10:27:09:301 DEBUG 18676 --- [http-nio-8081-exec-1] c.h.i.mapper.ItemMapper.selectBatchIds   : <==      Total: 1
